[07Jan2025 00:00:12.258] [Server thread/WARN] [net.minecraft.server.MinecraftServer/]: Can't keep up! Is the server overloaded? Running 2036ms or 40 ticks behind
[07Jan2025 00:00:36.740] [Server thread/WARN] [net.minecraft.server.MinecraftServer/]: Can't keep up! Is the server overloaded? Running 9518ms or 190 ticks behind
[07Jan2025 00:00:54.636] [Server thread/WARN] [net.minecraft.server.MinecraftServer/]: Can't keep up! Is the server overloaded? Running 2914ms or 58 ticks behind
[07Jan2025 00:01:12.359] [Server thread/WARN] [net.minecraft.server.MinecraftServer/]: Can't keep up! Is the server overloaded? Running 2737ms or 54 ticks behind
[07Jan2025 00:01:23.168] [Server thread/INFO] [net.minecraft.server.MinecraftServer/]: aw has made the advancement [Rotten to the Core]
[07Jan2025 00:02:13.437] [Server thread/WARN] [net.minecraft.server.MinecraftServer/]: Can't keep up! Is the server overloaded? Running 2015ms or 40 ticks behind
[07Jan2025 00:02:30.968] [Server thread/WARN] [net.minecraft.server.MinecraftServer/]: Can't keep up! Is the server overloaded? Running 2546ms or 50 ticks behind
[07Jan2025 00:02:57.398] [Server thread/WARN] [net.minecraft.server.MinecraftServer/]: Can't keep up! Is the server overloaded? Running 2026ms or 40 ticks behind
[07Jan2025 00:03:40.889] [Server thread/WARN] [net.minecraft.server.network.ServerGamePacketListenerImpl/]: aw moved too quickly! -17.743590746928078,-2.4022176545747413,4.453177997141893
[07Jan2025 00:03:40.935] [Server thread/WARN] [net.minecraft.server.MinecraftServer/]: Can't keep up! Is the server overloaded? Running 2013ms or 40 ticks behind
[07Jan2025 00:10:48.091] [Server thread/WARN] [net.minecraft.server.MinecraftServer/]: Can't keep up! Is the server overloaded? Running 2019ms or 40 ticks behind
[07Jan2025 00:21:35.510] [Server thread/ERROR] [sophisticatedbackpacks/]: Error getting backpack wrapper - Unable to find backpack at slot index 0 in "main" inventory handler
[07Jan2025 00:24:28.575] [Server thread/WARN] [net.minecraft.server.MinecraftServer/]: Can't keep up! Is the server overloaded? Running 2953ms or 59 ticks behind
[07Jan2025 00:26:33.396] [Server thread/WARN] [net.minecraft.server.MinecraftServer/]: Can't keep up! Is the server overloaded? Running 2024ms or 40 ticks behind
[07Jan2025 00:26:58.357] [Server thread/WARN] [net.minecraft.server.network.ServerGamePacketListenerImpl/]: aw moved too quickly! -15.716366574260803,7.386733731422865,5.060386769121635
[07Jan2025 00:26:58.997] [Server thread/WARN] [net.minecraft.server.MinecraftServer/]: Can't keep up! Is the server overloaded? Running 2075ms or 41 ticks behind
[07Jan2025 00:28:32.801] [Server thread/INFO] [net.minecraft.server.MinecraftServer/]: aw has reached the goal [A Strong Breeze]
[07Jan2025 00:31:25.486] [Server thread/WARN] [net.minecraft.server.MinecraftServer/]: Can't keep up! Is the server overloaded? Running 2014ms or 40 ticks behind
[07Jan2025 00:31:35.060] [Server thread/WARN] [net.minecraft.server.network.ServerGamePacketListenerImpl/]: aw moved too quickly! 16.929779684999687,-4.820430933116569,-2.8773567563822304
[07Jan2025 00:31:45.662] [Server thread/WARN] [net.minecraft.server.MinecraftServer/]: Can't keep up! Is the server overloaded? Running 5190ms or 103 ticks behind
[07Jan2025 00:35:33.401] [Server thread/WARN] [net.minecraft.server.MinecraftServer/]: Can't keep up! Is the server overloaded? Running 2029ms or 40 ticks behind
[07Jan2025 00:36:16.732] [Server thread/WARN] [net.minecraft.server.MinecraftServer/]: Can't keep up! Is the server overloaded? Running 2010ms or 40 ticks behind
[07Jan2025 00:39:02.364] [Server thread/INFO] [net.minecraft.server.network.ServerGamePacketListenerImpl/]: Luzbel1t0 lost connection: Disconnected
[07Jan2025 00:39:02.364] [Server thread/INFO] [net.minecraft.server.MinecraftServer/]: Luzbel1t0 left the game
[07Jan2025 01:00:15.384] [Server thread/INFO] [net.minecraft.server.players.PlayerList/]: Luzbel1t0[/127.68.160.32:43197] logged in with entity id 202237 at (2769.5076056372477, 67.0, 2901.3058381659816)
[07Jan2025 01:00:15.514] [Server thread/INFO] [net.minecraft.server.MinecraftServer/]: Luzbel1t0 joined the game
[07Jan2025 01:00:15.677] [Server thread/INFO] [Jade/]: Syncing config to Luzbel1t0 (df22fe92-577b-395e-b9ac-6fbd2f188cdf)
[07Jan2025 01:00:18.083] [Server thread/WARN] [net.minecraft.server.MinecraftServer/]: Can't keep up! Is the server overloaded? Running 2011ms or 40 ticks behind
[07Jan2025 01:00:38.708] [Server thread/WARN] [net.minecraft.server.MinecraftServer/]: Can't keep up! Is the server overloaded? Running 5636ms or 112 ticks behind
[07Jan2025 01:02:20.304] [Server thread/INFO] [net.minecraft.server.MinecraftServer/]: aw was slain by Zombified Piglin
[07Jan2025 01:02:31.098] [Server thread/WARN] [net.minecraft.server.MinecraftServer/]: Can't keep up! Is the server overloaded? Running 2027ms or 40 ticks behind
[07Jan2025 01:02:52.100] [Server thread/WARN] [net.minecraft.server.MinecraftServer/]: Can't keep up! Is the server overloaded? Running 6028ms or 120 ticks behind
[07Jan2025 01:03:10.824] [Server thread/WARN] [net.minecraft.server.MinecraftServer/]: Can't keep up! Is the server overloaded? Running 3752ms or 75 ticks behind
[07Jan2025 01:03:40.754] [Server thread/WARN] [net.minecraft.server.network.ServerGamePacketListenerImpl/]: Spectral Steed (vehicle of aw) moved too quickly! -10.166450376893692,0.0,-2.3433386081811083
[07Jan2025 01:03:40.757] [Server thread/WARN] [net.minecraft.server.network.ServerGamePacketListenerImpl/]: Spectral Steed (vehicle of aw) moved too quickly! -11.086534762806025,0.0,-2.5739403385958735
[07Jan2025 01:03:40.759] [Server thread/WARN] [net.minecraft.server.network.ServerGamePacketListenerImpl/]: Spectral Steed (vehicle of aw) moved too quickly! -12.006544725870299,0.0,-2.8048540632084045
[07Jan2025 01:03:40.761] [Server thread/WARN] [net.minecraft.server.network.ServerGamePacketListenerImpl/]: Spectral Steed (vehicle of aw) moved too quickly! -12.92651486675237,0.0,-3.0359347296956667
[07Jan2025 01:03:40.764] [Server thread/WARN] [net.minecraft.server.network.ServerGamePacketListenerImpl/]: Spectral Steed (vehicle of aw) moved too quickly! -13.846463699578749,0.0,-3.267104723451636
[07Jan2025 01:03:40.767] [Server thread/WARN] [net.minecraft.server.network.ServerGamePacketListenerImpl/]: Spectral Steed (vehicle of aw) moved too quickly! -14.766401130889335,0.0,-3.4983225144480965
[07Jan2025 01:03:40.769] [Server thread/WARN] [net.minecraft.server.network.ServerGamePacketListenerImpl/]: Spectral Steed (vehicle of aw) moved too quickly! -15.686332461476184,0.0,-3.7295658807949703
[07Jan2025 01:03:40.770] [Server thread/WARN] [net.minecraft.server.network.ServerGamePacketListenerImpl/]: Spectral Steed (vehicle of aw) moved too quickly! -16.60626052768737,0.0,-3.9608229320019337
[07Jan2025 01:03:40.772] [Server thread/WARN] [net.minecraft.server.network.ServerGamePacketListenerImpl/]: Spectral Steed (vehicle of aw) moved too quickly! -17.526186847196243,0.0,-4.192087305704684
[07Jan2025 01:03:40.774] [Server thread/WARN] [net.minecraft.server.network.ServerGamePacketListenerImpl/]: Spectral Steed (vehicle of aw) moved too quickly! -18.446112232079486,0.0,-4.423355597528934
[07Jan2025 01:03:40.775] [Server thread/WARN] [net.minecraft.server.network.ServerGamePacketListenerImpl/]: Spectral Steed (vehicle of aw) moved too quickly! -19.366037116863254,0.0,-4.654625985861879
[07Jan2025 01:03:40.776] [Server thread/WARN] [net.minecraft.server.network.ServerGamePacketListenerImpl/]: Spectral Steed (vehicle of aw) moved too quickly! -20.287327326046977,0.0,-4.8803119206174
[07Jan2025 01:03:40.777] [Server thread/WARN] [net.minecraft.server.network.ServerGamePacketListenerImpl/]: Spectral Steed (vehicle of aw) moved too quickly! -21.211384783971994,0.0,-5.094020618790173
[07Jan2025 01:03:40.779] [Server thread/WARN] [net.minecraft.server.network.ServerGamePacketListenerImpl/]: Spectral Steed (vehicle of aw) moved too quickly! -22.138995039170027,0.0,-5.291128309250405
[07Jan2025 01:03:40.780] [Server thread/WARN] [net.minecraft.server.network.ServerGamePacketListenerImpl/]: Spectral Steed (vehicle of aw) moved too quickly! -23.07107154175776,0.0,-5.464565174101386
[07Jan2025 01:03:40.781] [Server thread/WARN] [net.minecraft.server.network.ServerGamePacketListenerImpl/]: Spectral Steed (vehicle of aw) moved too quickly! -24.006392968982368,0.0,-5.619607360811591
[07Jan2025 01:03:40.790] [Server thread/WARN] [net.minecraft.server.network.ServerGamePacketListenerImpl/]: Spectral Steed (vehicle of aw) moved too quickly! -24.943450690683335,0.0,-5.76480692199898
[07Jan2025 01:03:40.791] [Server thread/WARN] [net.minecraft.server.MinecraftServer/]: Can't keep up! Is the server overloaded? Running 2069ms or 41 ticks behind
[07Jan2025 01:04:22.414] [Server thread/WARN] [net.minecraft.server.network.ServerGamePacketListenerImpl/]: Luzbel1t0 moved wrongly!
[07Jan2025 01:05:43.652] [Server thread/WARN] [net.minecraft.server.MinecraftServer/]: Can't keep up! Is the server overloaded? Running 2030ms or 40 ticks behind
[07Jan2025 01:06:06.592] [Server thread/WARN] [net.minecraft.server.MinecraftServer/]: Can't keep up! Is the server overloaded? Running 7970ms or 159 ticks behind
[07Jan2025 01:06:25.486] [Server thread/WARN] [net.minecraft.server.MinecraftServer/]: Can't keep up! Is the server overloaded? Running 3914ms or 78 ticks behind
[07Jan2025 01:06:45.331] [Server thread/WARN] [net.minecraft.server.MinecraftServer/]: Can't keep up! Is the server overloaded? Running 4860ms or 97 ticks behind
[07Jan2025 01:07:04.717] [Server thread/WARN] [net.minecraft.server.MinecraftServer/]: Can't keep up! Is the server overloaded? Running 4395ms or 87 ticks behind
[07Jan2025 01:07:25.387] [Server thread/WARN] [net.minecraft.server.MinecraftServer/]: Can't keep up! Is the server overloaded? Running 5715ms or 114 ticks behind
[07Jan2025 01:07:45.820] [Server thread/WARN] [net.minecraft.server.MinecraftServer/]: Can't keep up! Is the server overloaded? Running 5448ms or 108 ticks behind
[07Jan2025 01:08:03.533] [Server thread/WARN] [net.minecraft.server.MinecraftServer/]: Can't keep up! Is the server overloaded? Running 2761ms or 55 ticks behind
[07Jan2025 01:08:22.133] [Server thread/WARN] [net.minecraft.server.MinecraftServer/]: Can't keep up! Is the server overloaded? Running 3611ms or 72 ticks behind
[07Jan2025 01:08:41.079] [Server thread/WARN] [net.minecraft.server.MinecraftServer/]: Can't keep up! Is the server overloaded? Running 3957ms or 79 ticks behind
[07Jan2025 01:08:58.955] [Server thread/WARN] [net.minecraft.server.MinecraftServer/]: Can't keep up! Is the server overloaded? Running 2884ms or 57 ticks behind
[07Jan2025 01:12:23.779] [Server thread/WARN] [net.minecraft.server.MinecraftServer/]: Can't keep up! Is the server overloaded? Running 2007ms or 40 ticks behind
[07Jan2025 01:12:47.989] [Server thread/WARN] [net.minecraft.server.MinecraftServer/]: Can't keep up! Is the server overloaded? Running 9217ms or 184 ticks behind
[07Jan2025 01:17:50.398] [Server thread/WARN] [net.minecraft.server.network.ServerGamePacketListenerImpl/]: aw moved too quickly! 18.950903723179,-1.952438923983351,2.542502741600188
[07Jan2025 01:23:03.469] [Server thread/WARN] [net.minecraft.server.MinecraftServer/]: Can't keep up! Is the server overloaded? Running 2047ms or 40 ticks behind
[07Jan2025 01:23:52.296] [Server thread/WARN] [net.minecraft.server.network.ServerGamePacketListenerImpl/]: Luzbel1t0 moved wrongly!
[07Jan2025 01:24:50.025] [Server thread/INFO] [net.minecraft.server.MinecraftServer/]: Luzbel1t0 was slain by Zombie
[07Jan2025 01:26:51.178] [Server thread/WARN] [net.minecraft.server.MinecraftServer/]: Can't keep up! Is the server overloaded? Running 2906ms or 58 ticks behind
[07Jan2025 01:27:12.206] [Server thread/WARN] [net.minecraft.server.MinecraftServer/]: Can't keep up! Is the server overloaded? Running 6034ms or 120 ticks behind
[07Jan2025 01:27:29.785] [Server thread/WARN] [net.minecraft.server.MinecraftServer/]: Can't keep up! Is the server overloaded? Running 2613ms or 52 ticks behind
[07Jan2025 01:27:47.170] [Server thread/WARN] [net.minecraft.server.MinecraftServer/]: Can't keep up! Is the server overloaded? Running 2399ms or 47 ticks behind
[07Jan2025 01:28:04.621] [Server thread/WARN] [net.minecraft.server.MinecraftServer/]: Can't keep up! Is the server overloaded? Running 2499ms or 49 ticks behind
[07Jan2025 01:28:21.678] [Server thread/WARN] [net.minecraft.server.MinecraftServer/]: Can't keep up! Is the server overloaded? Running 2006ms or 40 ticks behind
[07Jan2025 01:28:42.941] [Server thread/WARN] [net.minecraft.server.MinecraftServer/]: Can't keep up! Is the server overloaded? Running 2069ms or 41 ticks behind
[07Jan2025 01:29:03.126] [Server thread/WARN] [net.minecraft.server.MinecraftServer/]: Can't keep up! Is the server overloaded? Running 2004ms or 40 ticks behind
[07Jan2025 01:29:23.834] [Server thread/WARN] [net.minecraft.server.MinecraftServer/]: Can't keep up! Is the server overloaded? Running 2013ms or 40 ticks behind
[07Jan2025 01:29:45.929] [Server thread/WARN] [net.minecraft.server.MinecraftServer/]: Can't keep up! Is the server overloaded? Running 2007ms or 40 ticks behind
[07Jan2025 01:30:03.462] [Server thread/WARN] [net.minecraft.server.MinecraftServer/]: Can't keep up! Is the server overloaded? Running 2541ms or 50 ticks behind
[07Jan2025 01:30:22.388] [Server thread/WARN] [net.minecraft.server.MinecraftServer/]: Can't keep up! Is the server overloaded? Running 3966ms or 79 ticks behind
[07Jan2025 01:30:40.041] [Server thread/WARN] [net.minecraft.server.MinecraftServer/]: Can't keep up! Is the server overloaded? Running 2669ms or 53 ticks behind
[07Jan2025 01:30:57.264] [Server thread/WARN] [net.minecraft.server.MinecraftServer/]: Can't keep up! Is the server overloaded? Running 2242ms or 44 ticks behind
[07Jan2025 01:31:23.568] [Server thread/WARN] [net.minecraft.server.MinecraftServer/]: Can't keep up! Is the server overloaded? Running 2046ms or 40 ticks behind
[07Jan2025 01:31:51.430] [Server thread/WARN] [net.minecraft.server.MinecraftServer/]: Can't keep up! Is the server overloaded? Running 2009ms or 40 ticks behind
[07Jan2025 01:32:10.044] [Server thread/WARN] [net.minecraft.server.MinecraftServer/]: Can't keep up! Is the server overloaded? Running 2022ms or 40 ticks behind
[07Jan2025 01:32:38.127] [Server thread/WARN] [net.minecraft.server.MinecraftServer/]: Can't keep up! Is the server overloaded? Running 2005ms or 40 ticks behind
[07Jan2025 01:32:55.236] [Server thread/WARN] [net.minecraft.server.MinecraftServer/]: Can't keep up! Is the server overloaded? Running 2114ms or 42 ticks behind
[07Jan2025 01:33:12.781] [Server thread/WARN] [net.minecraft.server.MinecraftServer/]: Can't keep up! Is the server overloaded? Running 2009ms or 40 ticks behind
[07Jan2025 01:33:37.166] [Server thread/WARN] [net.minecraft.server.MinecraftServer/]: Can't keep up! Is the server overloaded? Running 9394ms or 187 ticks behind
[07Jan2025 01:34:05.832] [Server thread/WARN] [net.minecraft.server.MinecraftServer/]: Can't keep up! Is the server overloaded? Running 2010ms or 40 ticks behind
[07Jan2025 01:35:00.244] [Server thread/WARN] [net.minecraft.server.MinecraftServer/]: Can't keep up! Is the server overloaded? Running 2022ms or 40 ticks behind
[07Jan2025 01:35:42.213] [Server thread/WARN] [net.minecraft.server.MinecraftServer/]: Can't keep up! Is the server overloaded? Running 2042ms or 40 ticks behind
[07Jan2025 01:35:59.716] [Server thread/WARN] [net.minecraft.server.MinecraftServer/]: Can't keep up! Is the server overloaded? Running 2544ms or 50 ticks behind
[07Jan2025 01:36:49.033] [Server thread/WARN] [net.minecraft.server.MinecraftServer/]: Can't keep up! Is the server overloaded? Running 2011ms or 40 ticks behind
[07Jan2025 01:37:34.740] [Server thread/WARN] [net.minecraft.server.MinecraftServer/]: Can't keep up! Is the server overloaded? Running 2018ms or 40 ticks behind
[07Jan2025 01:38:08.707] [Server thread/WARN] [net.minecraft.server.MinecraftServer/]: Can't keep up! Is the server overloaded? Running 2035ms or 40 ticks behind
[07Jan2025 01:38:32.444] [Server thread/WARN] [net.minecraft.server.MinecraftServer/]: Can't keep up! Is the server overloaded? Running 2022ms or 40 ticks behind
[07Jan2025 01:38:54.731] [Server thread/WARN] [net.minecraft.server.MinecraftServer/]: Can't keep up! Is the server overloaded? Running 2009ms or 40 ticks behind
[07Jan2025 01:39:29.132] [Server thread/WARN] [net.minecraft.server.MinecraftServer/]: Can't keep up! Is the server overloaded? Running 2010ms or 40 ticks behind
[07Jan2025 01:40:37.654] [Server thread/WARN] [net.minecraft.server.MinecraftServer/]: Can't keep up! Is the server overloaded? Running 2082ms or 41 ticks behind
[07Jan2025 01:40:41.288] [Server thread/WARN] [net.minecraft.server.network.ServerGamePacketListenerImpl/]: Luzbel1t0 moved wrongly!
[07Jan2025 01:41:01.279] [Server thread/WARN] [net.minecraft.server.MinecraftServer/]: Can't keep up! Is the server overloaded? Running 2007ms or 40 ticks behind
[07Jan2025 01:41:34.563] [Server thread/WARN] [net.minecraft.server.MinecraftServer/]: Can't keep up! Is the server overloaded? Running 2042ms or 40 ticks behind
[07Jan2025 01:42:08.097] [Server thread/WARN] [net.minecraft.server.MinecraftServer/]: Can't keep up! Is the server overloaded? Running 2025ms or 40 ticks behind
[07Jan2025 01:42:40.679] [Server thread/WARN] [net.minecraft.server.MinecraftServer/]: Can't keep up! Is the server overloaded? Running 2057ms or 41 ticks behind
[07Jan2025 01:43:02.976] [Server thread/WARN] [net.minecraft.server.MinecraftServer/]: Can't keep up! Is the server overloaded? Running 2054ms or 41 ticks behind
[07Jan2025 01:43:25.195] [Server thread/WARN] [net.minecraft.server.MinecraftServer/]: Can't keep up! Is the server overloaded? Running 2023ms or 40 ticks behind
[07Jan2025 01:43:46.579] [Server thread/WARN] [net.minecraft.server.MinecraftServer/]: Can't keep up! Is the server overloaded? Running 2107ms or 42 ticks behind
[07Jan2025 01:44:06.466] [Server thread/WARN] [net.minecraft.server.MinecraftServer/]: Can't keep up! Is the server overloaded? Running 4895ms or 97 ticks behind
[07Jan2025 01:44:42.346] [Server thread/WARN] [net.minecraft.server.MinecraftServer/]: Can't keep up! Is the server overloaded? Running 2024ms or 40 ticks behind
[07Jan2025 01:44:59.514] [Server thread/WARN] [net.minecraft.server.MinecraftServer/]: Can't keep up! Is the server overloaded? Running 2193ms or 43 ticks behind
[07Jan2025 01:45:17.259] [Server thread/WARN] [net.minecraft.server.MinecraftServer/]: Can't keep up! Is the server overloaded? Running 2787ms or 55 ticks behind
[07Jan2025 01:48:28.413] [Server thread/WARN] [net.minecraft.server.network.ServerGamePacketListenerImpl/]: Luzbel1t0 moved wrongly!
[07Jan2025 01:54:08.089] [Server thread/WARN] [net.minecraft.server.MinecraftServer/]: Can't keep up! Is the server overloaded? Running 2017ms or 40 ticks behind
[07Jan2025 01:54:21.737] [Server thread/INFO] [net.minecraft.server.network.ServerGamePacketListenerImpl/]: Luzbel1t0 lost connection: Timed out
[07Jan2025 01:54:21.739] [Server thread/INFO] [net.minecraft.server.MinecraftServer/]: Luzbel1t0 left the game
[07Jan2025 01:54:21.873] [Server thread/WARN] [net.minecraft.network.Connection/]: handleDisconnection() called twice
[07Jan2025 01:57:23.939] [Server thread/INFO] [net.minecraft.server.players.PlayerList/]: Luzbel1t0[/127.68.160.32:42431] logged in with entity id 257568 at (2761.5794362834595, 64.0, 2894.699999988079)
[07Jan2025 01:57:23.985] [Server thread/INFO] [net.minecraft.server.MinecraftServer/]: Luzbel1t0 joined the game
[07Jan2025 01:57:24.064] [Server thread/INFO] [Jade/]: Syncing config to Luzbel1t0 (df22fe92-577b-395e-b9ac-6fbd2f188cdf)
[07Jan2025 01:57:29.385] [Server thread/WARN] [net.minecraft.server.MinecraftServer/]: Can't keep up! Is the server overloaded? Running 2013ms or 40 ticks behind
[07Jan2025 01:58:11.613] [Server thread/ERROR] [net.minecraft.stats.ServerRecipeBook/]: Tried to load unrecognized recipe: minecraft:pumpkin_pie removed now.
[07Jan2025 01:58:11.614] [Server thread/ERROR] [net.minecraft.stats.ServerRecipeBook/]: Tried to load unrecognized recipe: create:crafting/curiosities/cake removed now.
[07Jan2025 01:58:11.618] [Server thread/ERROR] [net.minecraft.stats.ServerRecipeBook/]: Tried to load unrecognized recipe: create:crafting/curiosities/cake removed now.
[07Jan2025 01:58:11.623] [Server thread/INFO] [net.minecraft.server.players.PlayerList/]: Afarfa[/127.89.184.116:53219] logged in with entity id 258433 at (-187.5268007141309, -35.0, 928.2728208181289)
[07Jan2025 01:58:11.731] [Server thread/INFO] [net.minecraft.server.MinecraftServer/]: Afarfa joined the game
[07Jan2025 01:58:11.876] [Server thread/INFO] [Jade/]: Syncing config to Afarfa (7d7a9792-b781-3893-9e35-be8b3107f4fe)
[07Jan2025 01:58:13.580] [Server thread/WARN] [net.minecraft.server.MinecraftServer/]: Can't keep up! Is the server overloaded? Running 2108ms or 42 ticks behind
[07Jan2025 01:58:35.967] [Server thread/WARN] [net.minecraft.server.MinecraftServer/]: Can't keep up! Is the server overloaded? Running 7395ms or 147 ticks behind
[07Jan2025 01:58:56.620] [Server thread/WARN] [net.minecraft.server.MinecraftServer/]: Can't keep up! Is the server overloaded? Running 5698ms or 113 ticks behind
[07Jan2025 01:59:00.513] [Server thread/INFO] [net.minecraft.server.MinecraftServer/]: [Not Secure] <aw> xaero-waypoint:Casa:C:354:63:-2:13:false:0:Internal-overworld-waypoints
[07Jan2025 01:59:13.736] [Server thread/WARN] [net.minecraft.server.MinecraftServer/]: Can't keep up! Is the server overloaded? Running 2164ms or 43 ticks behind
[07Jan2025 01:59:32.030] [Server thread/WARN] [net.minecraft.server.MinecraftServer/]: Can't keep up! Is the server overloaded? Running 3308ms or 66 ticks behind
[07Jan2025 01:59:50.631] [Server thread/WARN] [net.minecraft.server.MinecraftServer/]: Can't keep up! Is the server overloaded? Running 3609ms or 72 ticks behind
[07Jan2025 02:00:08.471] [Server thread/WARN] [net.minecraft.server.MinecraftServer/]: Can't keep up! Is the server overloaded? Running 2849ms or 56 ticks behind
[07Jan2025 02:00:28.627] [Server thread/WARN] [net.minecraft.server.MinecraftServer/]: Can't keep up! Is the server overloaded? Running 5205ms or 104 ticks behind
[07Jan2025 02:00:46.176] [Server thread/WARN] [net.minecraft.server.MinecraftServer/]: Can't keep up! Is the server overloaded? Running 2554ms or 51 ticks behind
[07Jan2025 02:00:59.730] [Server thread/INFO] [net.minecraft.server.MinecraftServer/]: Afarfa has made the advancement [Once Upon a Cave]
[07Jan2025 02:01:03.382] [Server thread/WARN] [net.minecraft.server.MinecraftServer/]: Can't keep up! Is the server overloaded? Running 2210ms or 44 ticks behind
[07Jan2025 02:01:22.837] [Server thread/WARN] [net.minecraft.server.MinecraftServer/]: Can't keep up! Is the server overloaded? Running 4465ms or 89 ticks behind
[07Jan2025 02:01:24.603] [Server thread/WARN] [net.minecraft.server.network.ServerGamePacketListenerImpl/]: Luzbel1t0 moved wrongly!
[07Jan2025 02:01:42.210] [Server thread/WARN] [net.minecraft.server.MinecraftServer/]: Can't keep up! Is the server overloaded? Running 4388ms or 87 ticks behind
[07Jan2025 02:01:56.873] [Server thread/WARN] [net.minecraft.server.network.ServerGamePacketListenerImpl/]: aw moved too quickly! 17.04670882827463,-4.958994567577463,-4.242503275882498
[07Jan2025 02:01:56.881] [Server thread/WARN] [net.minecraft.server.network.ServerGamePacketListenerImpl/]: Afarfa moved too quickly! -2.1619135394925024,3.8047460224126937,9.089150015218593
[07Jan2025 02:02:13.583] [Server thread/WARN] [net.minecraft.server.MinecraftServer/]: Can't keep up! Is the server overloaded? Running 16411ms or 328 ticks behind
[07Jan2025 02:02:47.489] [Server thread/WARN] [net.minecraft.server.MinecraftServer/]: Can't keep up! Is the server overloaded? Running 18917ms or 378 ticks behind
[07Jan2025 02:02:55.861] [Server thread/WARN] [net.minecraft.server.network.ServerGamePacketListenerImpl/]: Afarfa moved too quickly! 14.628199153220034,1.7086745069175464,-10.917789894673774
[07Jan2025 02:02:55.867] [Server thread/WARN] [net.minecraft.server.network.ServerGamePacketListenerImpl/]: Luzbel1t0 moved too quickly! 10.139065368495267,2.334581439190231,0.3289989933346078
[07Jan2025 02:03:01.723] [Server thread/WARN] [net.minecraft.server.network.ServerGamePacketListenerImpl/]: Afarfa moved too quickly! 11.245031853732861,1.0786712127570013,-14.3031758443733
[07Jan2025 02:03:06.579] [Server thread/WARN] [net.minecraft.server.network.ServerGamePacketListenerImpl/]: Afarfa moved too quickly! 2.9524385667699846,-1.434070860704466,-18.066523512239428
[07Jan2025 02:03:22.335] [Server thread/WARN] [net.minecraft.server.network.ServerGamePacketListenerImpl/]: Afarfa moved too quickly! 5.281553947607023,-2.3405084644065113,-16.949013623189103
[07Jan2025 02:03:27.364] [Server thread/WARN] [net.minecraft.server.network.ServerGamePacketListenerImpl/]: Afarfa moved too quickly! 4.849105300736625,-2.4547947521109847,-16.600874678277705
[07Jan2025 02:03:30.254] [Server thread/INFO] [net.minecraft.server.MinecraftServer/]: [Not Secure] <aw> a
[07Jan2025 02:03:31.250] [Server thread/WARN] [net.minecraft.server.MinecraftServer/]: Can't keep up! Is the server overloaded? Running 28778ms or 575 ticks behind
[07Jan2025 02:03:33.210] [Server thread/WARN] [net.minecraft.server.network.ServerGamePacketListenerImpl/]: Afarfa moved too quickly! 4.56396730451732,3.140773496108338,-16.972193676700613
[07Jan2025 02:03:38.383] [Server thread/WARN] [net.minecraft.server.network.ServerGamePacketListenerImpl/]: Afarfa moved too quickly! 5.875984239297253,0.8091267219289762,-17.25752885779542
[07Jan2025 02:03:42.707] [Server thread/WARN] [net.minecraft.server.network.ServerGamePacketListenerImpl/]: Afarfa moved too quickly! 4.8446565694170545,-0.07467806900743312,-16.83569312748989
[07Jan2025 02:03:46.884] [Server thread/WARN] [net.minecraft.server.network.ServerGamePacketListenerImpl/]: Afarfa moved too quickly! 4.305998032973378,-3.769657145222027,-16.81154429678037
[07Jan2025 02:03:53.068] [Server thread/WARN] [net.minecraft.server.network.ServerGamePacketListenerImpl/]: Afarfa moved too quickly! 5.384229546435449,-0.7455540226488182,-16.944345878752102
[07Jan2025 02:03:58.904] [Server thread/WARN] [net.minecraft.server.network.ServerGamePacketListenerImpl/]: Afarfa moved too quickly! -1.5898655203946532,-4.372664728425278,-18.418713554169006
[07Jan2025 02:04:04.669] [Server thread/WARN] [net.minecraft.server.network.ServerGamePacketListenerImpl/]: Luzbel1t0 moved too quickly! -3.0937896118816752,0.7531999805212024,9.752377259157583
[07Jan2025 02:04:04.677] [Server thread/WARN] [net.minecraft.server.network.ServerGamePacketListenerImpl/]: Afarfa moved too quickly! -11.257587001200932,-9.435316954380752,-9.860817396017074
[07Jan2025 02:04:14.938] [Server thread/WARN] [net.minecraft.server.MinecraftServer/]: Can't keep up! Is the server overloaded? Running 28716ms or 574 ticks behind
